cUVsxsMgA8Xpj8t9kPggrAI483kqhbkBvvDfpZqCqmUGGCRwRkTV9uwfzP0npFoI
Jf0f/1j/UII2qoJUs0RH+Q4J/viBrApWPdf7Owcbou+TUjtSH52Z1Rk2aKjdDps0
vXLAjEEfN0JIChsxepoE0waRq3r9iGnlHGJCkGStpHdek8DtmYa+t00UOgs9+j9Z
YnA/bsExQJ5MkO3gskv2tFMvZjbb0fNaheji982lq7ZQK+wYRW+/6fMSRxYFj6Z+
oJy9Y8O3Myezxuf2oBgG4S4Vb1SGnSUczBHtBdH82WEYxIjngOkjtwud2zh4eqo/
p/AJUZlKvu99gmfA3YfNc3DQid+weBVwPfglTvIhPVu8LPg0CrLe+Q0u1nJqqxrM
0RTjamAyJU8qzaIcr8nkAY+XjsRMbrXhmLSlNdIFBEcMw+uC92X5rCo+z8iApOE3
rinUD1TFfN4tnF+LDFWeG25/y33CK4BUv+FbCF6Zp9mB3bsCzj9d7gubwzYq2sK1
omYGsne7qEM2i0XPq5q0Qm02T2hqn7ViEa4JpWIVqG7x4RftEkvu1du0yoTpyGi5
DDsJv9st1dHejqqKJKBKMhJzulv8N/Nc9pgNjDJS13Jj6plKdxFJ7JdwUWJVaj30
sK3SEGTHskDyBMN5r7x9pCs6g6cIJfjqHsgiOoR2cx8E5Jts76FNH1jlwc2Dn+7M
ifHl7i9RJFviZgQLV96b0rNF6KHaKgHvFDetUBaEyNMV5NDhP9dGawwH47LaEQU+
hoMdS67KDGxCDJQdqd7oAAr8XOPUQluvXI+yiR9o1WGD9dkbgtzhIzZnhsfJ9SAI
oeREbSQwv1EbGKzmvbynDAYKF8stvdLeUkdznJVMdR1R9r8HnKdQrTu6VpeCie95
OZCKZLLRTem7cf4lf9m81KZuRxvg6+Gj9VXydejICY3X4qY70eZr62WgZKriV8lZ
UC/sm5xsBpHJM9oZEjmwp2tjBrsY7f9c68lmUHLXqfijb2gol3cNJZ1IPojMf7Hb
/Vo/a6b6UASYxCwu9+yg4Gr+af3BWtwquznH9lk3K5QEVPuK6J2GKUIh5XL82OZV
i4F0/YdmHDKybkfwWWo3nEgCM94mdR/SsciLyO5TsWd9F4yeZ9V3nKicKsaN9J+l
6tqOBGXT7VPSu3zq1lAQgmw3ORtdN7tIHO2SFen149LyVYVWwerV78MBTp2Zx5kA
DVX892ovdeWzR8jv+W1649qfJJVj00P+fd2DsNoOm1qmh7xhoqYshvj39poeLlgL
izQmhf3l8C9QNDjnhz4vDgo9/7XZUtUC6cIlByJkX0+u+zG+8y6AuulspSF1Wx5H
rmfl4eMgVqkEypEvshv4+Q==
