Hzcd2VbUthfMqCVxQclWgX0ivRwuw+7BS1pj0h6x/Jh+KhknSwLZo69HgLMAMlxI
3mkiPwOdCIxXqYfie9PsfIXMl/FMNfS3u47JDKJrlmAz7JfzI17H18VGKsw8G1Gy
vs2iWaEMra2QovArxSuC8Tc5JVjGb0QBGe7cGeVPZ25t2xZeZFdkcalBy4ZU+LFc
wQcYLfRG9G6WinpiPFcZzxi2MWeyxvyl4bxjuEHfErg9wOOHTEUOJnjmZSAwk9ss
KRYHISv+q/xrpJwsuuPVVgtvM7+YofdavU71GY7d858GJyrlbe+JEH+nvERMUAd/
OQhUH/SfcWxzlSAXTyLWKO3zG89ERXvWQH67yt01aLYlvji+EpKxwF/cLIddB9iA
ttwLVLSx3qpK8Lhp9qajspTg1567B44OnsLEyMjAwG7j8gZkXEr+1tIat8BdImMS
KGYD7oUCyB33crxzae/PkI2tdBTY7FbS8OdUIFI4zFg7PHhzLU/jBQmd9ghZceu8
1UXSeOrzUdo/9RaaE9/2BOXeq5TOjJZPQE9c9Lbi5aPLJKzpv/2u0mvyYPekK76O
VAtAqK0vyLBS7HHgG8x5nbt0A898iKhz5+kgQFFWKF7XXzmUa/TLqdT/gVT+Hhm2
KrD8mY/Cx/zeEwmBEK3KMFEF4BXwjU7FJAdWEGGgGoCSNWvKi5Y0Y22tSQmZnqtO
tCFQOypX0O5MPAbPpO5sCw13pSLr9X2xVchTqW43lB+OdFesCc8K6Nu+YQPHyHa1
NNpSYf/WfMH/OA7Y1xMMdZwQl4nvgDs7xXzAzzQsDdGczU47BA099RUNeC8Vh/zO
XxoqDSIE4Gc9Tc1ha44GeLBS/8WgtH4cn1pFR7CxXqaEUJrBdIjHoYB4u6i/7QWo
uXuRKVbH+eEdm7EVTYuloOPFnUYyXwmFRCppbRMtJjaelNxJGPfwoa4Y9c9TQ9rv
ISDnwrHBImVcz5r7Ea/rA4DeK5o3s72mWZjipSs5Ks+YCmlUSh3Ff+zXUzyaZf+r
36ssX6suWDRuJcH67CUGhG+wyhtgmEUo3ctpJXSrXlDt+T7WE6Mj6ujUbHZAzmiw
TbAoN6uPOBp7yfiLwLYwXdFvWkSI7HnyyH+jorpWYwX2CeVtJPW4HjWG7h8yO8IM
F7XQhepw+GWNwYYkmOcwrvn9yAifGhT8pkvmCcqXhGrBcq+h/IHgzwUfonOZebh5
vpDV30eIJrS2cuS9E7xyD41nOE37w5kaRr0Zlw4ZXZ4X2eD5wHNg4p0am/kH67JP
4PuB+fspIi6AeWa5B8BZsWejvFS0uByDCvpRDWAC0Sz8CF2LonBhTneyVJJJ3OYd
VZFEHuNR2fie0Ewmel0+4A==
