UtXpDnCQD82/LQFT4Y8eJqOyjXqzL+PA3RJqhZ4VI/6JPHvGDJ/CyY7+v25fk88p
eYaXM2ul1xLi0hk2Wi8gJQBRjr7BKO9w2uXwpdQCqjgFiFJzGTCabWw52ktYIG5T
BW0f/yu4Sna3ssPsBf1AatOd9eO/H3zYvv1LkP69MS9t2LP50p7X5pY5+RAFciRC
qAKlNtNLZVw9FJoh/q0TxbheqdZp6XQ1dXUCMCTSKKs6qgi9xErRWL+Q/sXgk7lr
6c7Dy7rvOYbVIas+n7tJR9PBT+brJ5JIjQlfItW17X2sJ4P4BROYJTWI7AFQ27yu
3LaRAJZnGfcpU5peWO9MjEPNSgFxIYkjEY0SKYVGOIs5E9niJdpMGRaDTnMsbTrh
lejVQHuBSaYU2efjfOiYzl3iexhPgC5Nc57LOHUnoReL5yLHyFSKITKcoE4OgwiX
+Z/AnkuxRPULT+ur9eJRPTBzRn1nwIoXkq2mz1FOVNXnkQ2dQkT273PzeRmo7Sxo
qg0dwrBpFXr+caNSJPix7ztpQav2/yP3iG0h0InSop1JZcXK3anOArlef5JoYoIB
6B8gdBesHdEjnd6a8S7+h191E9fHPFQE0O0+nSVotVJ3JcviNdHq5LotSGROFn0T
ib+BuNRRizfVG0+XBBsbiGEi9Kjr9vlFrrOv9EMx+dQmHT0gDzhvpQUu9ll/5p4G
SSmxxKj6C0OP7Jmv380E6WUBX6RpqC1A3eV9tO21X2pVhM74+03FV7j3V0S+oQ81
fF7BTaZyhByS31rRYPqn3Di2oq1MXnANTSpG0jdmNjNMGbQlOcye14epKBvEtZTd
qleE3OTe93w7o87YymovROFbkragXejxctUq1DCQ+E8eHQPJCRCozgMmff60rA6R
boFszAoJk8rwn9sJLpki72U2YUKBlleAvwpcOjsUcGTboBoWG75HuoltICl+XYPa
SAnBUyYbj+KT8bIOyw/vmLC8vbpj6BIOxrGY5gEXWQSfc/C1G/SOmr8l2PE+KzIJ
XBVJy9KwICBU+Du9XhS38anTOWAfritnKJJkewJsRndVYMsXKhUYtP5YIXAeCm4D
2CQzAB8ygkd92ao+07PSipsinTSUFCICbPBwThlEzDkdp3izQUvldnzUByIrhiLU
Welsh5jNJWV7121akE3uA/wADB5rwnNnouXeA2VYubj7a4H3BkCQ586LCppTi9+Y
6kIGg6cxAyOCEQN+BLEQhKNOiRot/C2vaGPBdVYwTgfljRbv/rxHyViYJaPrS+A4
gfA5+eMicX4jArpmDDsd88fTGLHYx8sHyNoorBnDSeQng/NYCEhnzcXMKrmm4tFE
8y/TW/o4bqI7lqsy/OMytA==
