2TF9N0So87tPu60IZTY/Mj7cMsa5cgU6Ew7jtxAFuQZj+dRiF7TlQFO19WrYsiX4
Hn7PRssmLnOzdIIes76p5mkdWC6UYKHghV9qCUbapWGU3HjmzBdHEUjoX/7RtKCG
ZcDgHTP7i0Y32kCqIFxQrwwmb3bJ3JUHzv11tlrg9jjostxnuMUROyQhXXBByrI1
sua2MkeYWrC6sndUvPys7Qpgcw3DelPm1gubmnrQLqOK1yy9OqoNruX/nzuhO1Gt
nYelcFaWHJPzHRKEs09Rk8KkXh/8jL+0wGFp3EjemNbTlQXRXxple5LwBn9Nfg/N
ucUSwyIIKiGCSd0EsDtiLco4udx7ZgxsY/7ZPqmPfmnJWo8qamK3KUZdb8HueYIi
2BwkJOW4LTMpCV7lhCaqZb/N5JDSvcG5DkAZZgSOZw2axaiHFnbnqAOyReCtLgJk
DxXnI5FVQ89qNIX8MUSwfazyA+E34+gSmMEP3iD+v38mx8Rr3+bQuPfHhcSKr2Wk
gYhzKy0yjFOX3l3XhT4QMV3WE9UcwFqFoMSc6/QG6bXvCRUXNRJ6Geiv+3/IH/4s
s6ZPayHmGtTzTqneQsQJtKBUI/hFE0qEt8yEgwC45Yw55+WUL3fdeVrcqJ4OhW3H
L2ohn051++lFh3HyxD5i7oo0TyxflRuEtY+dFBfw2WJ27nzfFNdK8QHQyTe6COn7
2xjcWtG0cH/56XLTXTAe0zZHWAQYv1Tt70hWR3BsUtxuHhC3pED7Y0RaUk2ViUEz
u6nUD4anpWRwwW9vd7nlFL/f+NVSH2UOm8vhfLufyDVP3oPaxjfJya2g85oY9XyS
TRrWGSgjUWM1B0qoLqOYfUncYifq33Guxe6PzWe8gaQd40d08Lz4Z3aEf2JjcbyX
6dDbgKqxpFrWjrn4f/vtOIbEj0G/stbKRZ8BPn9wjthtg2Xc2k9XmEPxWRA+YX2E
U3hXq1k0NJgBtsH2rslvIWDv65mmlT8nlPS87BGbZon42jdz6rrXxL5IEOIDynGf
IU3teR3ZYARkRTTvA+De7hrQCveo4fZrAPgYDV4rZSap0fTiJNliMCGbLT0SEaJY
skCzsxsZ3SqLcU+C54FCDPVnD4CIbnZnHYp5YV1x8kX93WPRm8bxEeWGBX9pzheb
FN5/78ysZdxLJ7ciU4VWACgALX+84Dv7U/ymYvW+XzXjwbCvqtI5rFhcphavd+ok
oGj9fDhKCOWUd5LoYXOeQpC99zNgfK601Jcij0+tz2HY4vpx1mHM0Mt8MNkOp5S/
qs1eSQy/g+qwS8rHKXgFfbvomJdxipvImhP/HFqdnhSBh5l+/Zldvn8NovXfhLyt
4Z+/pe2sucvd4M20y6U2XA==
